2014-10-23 15:05:04,500 - ScopeOut - INFO - Initializing ScopeOut...
2014-10-23 15:05:04,501 - ScopeOut.ThreadedClient - INFO - Threaded Client initialized
2014-10-23 15:05:04,501 - ScopeOut.scopeUtils.ScopeFinder - INFO - ScopeFinder Initialized
2014-10-23 15:05:04,531 - ScopeOut.scopeUtils.ScopeFinder - INFO - 1 VISA Resource(s) found
2014-10-23 15:05:04,795 - ScopeOut.scopeUtils.ScopeFinder - INFO - Found TEKTRONIX TDS 2024B Oscilloscope. Serial Number: C037950.
2014-10-23 15:05:04,953 - ScopeOut.ThreadedClient - INFO - All Widgets initialized
2014-10-23 15:05:04,953 - ScopeOut.scopeWidgets.ScopeOutMainWindow - INFO - Main Window created
2014-10-23 15:05:04,962 - ScopeOut.scopeWidgets.ScopeOutMainWindow - INFO - Loaded theme C:\Users\menp\Documents\GitHub\ScopeOut\src\Themes\default.stylesheet
2014-10-23 15:05:04,972 - ScopeOut.scopeWidgets.ScopeOutMainWindow - INFO - Main Window disabled
2014-10-23 15:05:04,973 - ScopeOut.ThreadedClient - INFO - Signals connected
2014-10-23 15:05:04,974 - ScopeOut.ThreadedClient - INFO - Scope acquisition thread started
2014-10-23 15:05:04,974 - ScopeOut.ThreadedClient - INFO - Entered continuous checking mode
2014-10-23 15:05:04,974 - ScopeOut.ThreadedClient - INFO - Scope checking thread started
2014-10-23 15:05:04,975 - ScopeOut - INFO - ScopeOut initialization completed
2014-10-23 15:05:04,983 - ScopeOut.scopeUtils.ScopeFinder - INFO - 1 VISA Resource(s) found
2014-10-23 15:05:05,147 - ScopeOut.scopeUtils.ScopeFinder - INFO - Found TEKTRONIX TDS 2024B Oscilloscope. Serial Number: C037950.
2014-10-23 15:05:05,148 - ScopeOut.ThreadedClient - INFO - Set active scope to TEKTRONIX TDS 2024B Oscilloscope. Serial Number: C037950.
2014-10-23 15:05:05,148 - ScopeOut.scopeWidgets.scopeControlWidget - INFO - Active scope set to TEKTRONIX TDS 2024B Oscilloscope. Serial Number: C037950.
2014-10-23 15:05:05,148 - ScopeOut.scopeWidgets.ScopeOutMainWindow - INFO - Main Window enabled
2014-10-23 15:05:05,159 - ScopeOut.ThreadedClient - INFO - Entered periodic checking mode
2014-10-23 15:05:08,187 - ScopeOut.ThreadedClient - INFO - Attempting to set data channel 1
2014-10-23 15:05:08,362 - ScopeOut.ThreadedClient - INFO - Successfully set data channel 1
2014-10-23 15:05:09,299 - ScopeOut.ThreadedClient - INFO - Acquisition Event
2014-10-23 15:05:09,301 - ScopeOut.ThreadedClient - INFO - Single channel acquisition
2014-10-23 15:05:09,880 - ScopeOut.ThreadedClient - DEBUG - Wave error: CH1 is not active. Please select an active channel.
2014-10-23 15:05:11,867 - ScopeOut.ThreadedClient - INFO - Attempting to set data channel 2
2014-10-23 15:05:12,042 - ScopeOut.ThreadedClient - INFO - Successfully set data channel 2
2014-10-23 15:05:12,499 - ScopeOut.ThreadedClient - INFO - Acquisition Event
2014-10-23 15:05:12,502 - ScopeOut.ThreadedClient - INFO - Single channel acquisition
2014-10-23 15:05:15,551 - ScopeOut.ThreadedClient - INFO - Successfully acquired waveform from CH2
2014-10-23 15:05:15,552 - ScopeOut.ThreadedClient - INFO - Waveform acquired on CH2
2014-10-23 15:05:18,180 - ScopeOut.ThreadedClient - ERROR - 'ThreadedClient' object has no attribute 'wavelist'
2014-10-23 15:11:02,026 - ScopeOut.ThreadedClient - ERROR - 'ThreadedClient' object has no attribute 'wavelist'
2014-10-23 15:11:13,627 - ScopeOut.scopeWidgets.ScopeOutMainWindow - INFO - Close Event accepted
2014-10-23 15:11:28,794 - ScopeOut - INFO - Initializing ScopeOut...
2014-10-23 15:11:28,794 - ScopeOut.ThreadedClient - INFO - Threaded Client initialized
2014-10-23 15:11:28,794 - ScopeOut.scopeUtils.ScopeFinder - INFO - ScopeFinder Initialized
2014-10-23 15:11:28,824 - ScopeOut.scopeUtils.ScopeFinder - INFO - 1 VISA Resource(s) found
2014-10-23 15:11:29,083 - ScopeOut.scopeUtils.ScopeFinder - INFO - Found TEKTRONIX TDS 2024B Oscilloscope. Serial Number: C037950.
2014-10-23 15:11:29,243 - ScopeOut.ThreadedClient - INFO - All Widgets initialized
2014-10-23 15:11:29,243 - ScopeOut.scopeWidgets.ScopeOutMainWindow - INFO - Main Window created
2014-10-23 15:11:29,252 - ScopeOut.scopeWidgets.ScopeOutMainWindow - INFO - Loaded theme C:\Users\menp\Documents\GitHub\ScopeOut\src\Themes\default.stylesheet
2014-10-23 15:11:29,260 - ScopeOut.scopeWidgets.ScopeOutMainWindow - INFO - Main Window disabled
2014-10-23 15:11:29,261 - ScopeOut.ThreadedClient - INFO - Signals connected
2014-10-23 15:11:29,262 - ScopeOut.ThreadedClient - INFO - Scope acquisition thread started
2014-10-23 15:11:29,262 - ScopeOut.ThreadedClient - INFO - Entered continuous checking mode
2014-10-23 15:11:29,262 - ScopeOut.ThreadedClient - INFO - Scope checking thread started
2014-10-23 15:11:29,263 - ScopeOut - INFO - ScopeOut initialization completed
2014-10-23 15:11:29,269 - ScopeOut.scopeUtils.ScopeFinder - INFO - 1 VISA Resource(s) found
2014-10-23 15:11:29,469 - ScopeOut.scopeUtils.ScopeFinder - INFO - Found TEKTRONIX TDS 2024B Oscilloscope. Serial Number: C037950.
2014-10-23 15:11:29,469 - ScopeOut.ThreadedClient - INFO - Set active scope to TEKTRONIX TDS 2024B Oscilloscope. Serial Number: C037950.
2014-10-23 15:11:29,469 - ScopeOut.scopeWidgets.scopeControlWidget - INFO - Active scope set to TEKTRONIX TDS 2024B Oscilloscope. Serial Number: C037950.
2014-10-23 15:11:29,478 - ScopeOut.scopeWidgets.ScopeOutMainWindow - INFO - Main Window enabled
2014-10-23 15:11:29,483 - ScopeOut.ThreadedClient - INFO - Entered periodic checking mode
2014-10-23 15:11:33,619 - ScopeOut.ThreadedClient - INFO - Attempting to set data channel 2
2014-10-23 15:11:33,784 - ScopeOut.ThreadedClient - INFO - Successfully set data channel 2
2014-10-23 15:11:34,371 - ScopeOut.ThreadedClient - INFO - Acquisition Event
2014-10-23 15:11:34,372 - ScopeOut.ThreadedClient - INFO - Single channel acquisition
2014-10-23 15:11:37,406 - ScopeOut.ThreadedClient - INFO - Successfully acquired waveform from CH2
2014-10-23 15:11:37,407 - ScopeOut.ThreadedClient - INFO - Waveform acquired on CH2
2014-10-23 15:11:38,947 - ScopeOut.ThreadedClient - INFO - 1 waveforms saved to Capture10-23-15-11-38.csv
2014-10-23 15:13:22,409 - ScopeOut.scopeWidgets.WavePlotWidget - INFO - Plot Reset
2014-10-23 15:13:34,683 - ScopeOut.ThreadedClient - INFO - Acquisition Event
2014-10-23 15:13:34,685 - ScopeOut.ThreadedClient - INFO - Single channel acquisition
2014-10-23 15:13:37,716 - ScopeOut.ThreadedClient - INFO - Successfully acquired waveform from CH2
2014-10-23 15:13:37,716 - ScopeOut.ThreadedClient - INFO - Waveform acquired on CH2
2014-10-23 15:18:19,278 - ScopeOut - INFO - Initializing ScopeOut...
2014-10-23 15:18:19,278 - ScopeOut.ThreadedClient - INFO - Threaded Client initialized
2014-10-23 15:18:19,413 - ScopeOut.ThreadedClient - INFO - All Widgets initialized
2014-10-23 15:18:19,416 - ScopeOut.scopeWidgets.ScopeOutMainWindow - INFO - Main Window created
2014-10-23 15:18:19,425 - ScopeOut.scopeWidgets.ScopeOutMainWindow - INFO - Loaded theme C:\Users\menp\Documents\GitHub\ScopeOut\src\Themes\default.stylesheet
2014-10-23 15:18:19,435 - ScopeOut.scopeWidgets.ScopeOutMainWindow - INFO - Main Window disabled
2014-10-23 15:18:19,436 - ScopeOut.ThreadedClient - INFO - Signals connected
2014-10-23 15:18:19,436 - ScopeOut.scopeUtils.ScopeFinder - INFO - ScopeFinder Initialized
2014-10-23 15:18:19,464 - ScopeOut.scopeUtils.ScopeFinder - INFO - 1 VISA Resource(s) found
2014-10-23 15:18:19,714 - ScopeOut.scopeUtils.ScopeFinder - INFO - Found TEKTRONIX TDS 2024B Oscilloscope. Serial Number: C037950.
2014-10-23 15:18:19,715 - ScopeOut.ThreadedClient - INFO - Scope acquisition thread started
2014-10-23 15:18:19,716 - ScopeOut.ThreadedClient - INFO - Entered continuous checking mode
2014-10-23 15:18:19,716 - ScopeOut.ThreadedClient - INFO - Scope checking thread started
2014-10-23 15:18:19,716 - ScopeOut - INFO - ScopeOut initialization completed
2014-10-23 15:18:19,724 - ScopeOut.scopeUtils.ScopeFinder - INFO - 1 VISA Resource(s) found
2014-10-23 15:18:58,828 - ScopeOut - INFO - Initializing ScopeOut...
2014-10-23 15:18:58,828 - ScopeOut.ThreadedClient - INFO - Threaded Client initialized
2014-10-23 15:18:58,966 - ScopeOut.ThreadedClient - INFO - All Widgets initialized
2014-10-23 15:18:58,967 - ScopeOut.scopeWidgets.ScopeOutMainWindow - INFO - Main Window created
2014-10-23 15:18:58,974 - ScopeOut.scopeWidgets.ScopeOutMainWindow - INFO - Loaded theme C:\Users\menp\Documents\GitHub\ScopeOut\src\Themes\default.stylesheet
2014-10-23 15:18:58,984 - ScopeOut.scopeWidgets.ScopeOutMainWindow - INFO - Main Window disabled
2014-10-23 15:18:58,985 - ScopeOut.ThreadedClient - INFO - Signals connected
2014-10-23 15:18:58,985 - ScopeOut.scopeUtils.ScopeFinder - INFO - ScopeFinder Initialized
2014-10-23 15:18:59,012 - ScopeOut.scopeUtils.ScopeFinder - INFO - 1 VISA Resource(s) found
2014-10-23 15:18:59,261 - ScopeOut.scopeUtils.ScopeFinder - INFO - Found TEKTRONIX TDS 2024B Oscilloscope. Serial Number: C037950.
2014-10-23 15:18:59,262 - ScopeOut.ThreadedClient - INFO - Scope acquisition thread started
2014-10-23 15:18:59,263 - ScopeOut.ThreadedClient - INFO - Entered continuous checking mode
2014-10-23 15:18:59,263 - ScopeOut.ThreadedClient - INFO - Scope checking thread started
2014-10-23 15:18:59,263 - ScopeOut - INFO - ScopeOut initialization completed
2014-10-23 15:18:59,271 - ScopeOut.scopeUtils.ScopeFinder - INFO - 1 VISA Resource(s) found
2014-10-23 15:18:59,455 - ScopeOut.scopeUtils.ScopeFinder - INFO - Found TEKTRONIX TDS 2024B Oscilloscope. Serial Number: C037950.
2014-10-23 15:18:59,455 - ScopeOut.ThreadedClient - INFO - Set active scope to TEKTRONIX TDS 2024B Oscilloscope. Serial Number: C037950.
2014-10-23 15:18:59,456 - ScopeOut.scopeWidgets.scopeControlWidget - INFO - Active scope set to TEKTRONIX TDS 2024B Oscilloscope. Serial Number: C037950.
2014-10-23 15:18:59,456 - ScopeOut.scopeWidgets.ScopeOutMainWindow - INFO - Main Window enabled
2014-10-23 15:18:59,469 - ScopeOut.ThreadedClient - INFO - Entered periodic checking mode
2014-10-23 15:19:01,931 - ScopeOut.scopeWidgets.ScopeOutMainWindow - INFO - Close Event accepted
2014-10-23 15:21:33,314 - ScopeOut - INFO - Initializing ScopeOut...
2014-10-23 15:21:33,314 - ScopeOut.ThreadedClient - INFO - Threaded Client initialized
2014-10-23 15:21:33,454 - ScopeOut.ThreadedClient - INFO - All Widgets initialized
2014-10-23 15:21:33,454 - ScopeOut.scopeWidgets.ScopeOutMainWindow - INFO - Main Window created
2014-10-23 15:21:33,466 - ScopeOut.scopeWidgets.ScopeOutMainWindow - INFO - Loaded theme C:\Users\menp\Documents\GitHub\ScopeOut\src\Themes\default.stylesheet
2014-10-23 15:21:33,475 - ScopeOut.scopeWidgets.ScopeOutMainWindow - INFO - Main Window disabled
2014-10-23 15:21:33,476 - ScopeOut.ThreadedClient - INFO - Signals connected
2014-10-23 15:21:33,476 - ScopeOut.scopeUtils.ScopeFinder - INFO - ScopeFinder Initialized
2014-10-23 15:21:33,505 - ScopeOut.scopeUtils.ScopeFinder - INFO - 1 VISA Resource(s) found
2014-10-23 15:21:33,771 - ScopeOut.scopeUtils.ScopeFinder - INFO - Found TEKTRONIX TDS 2024B Oscilloscope. Serial Number: C037950.
2014-10-23 15:21:33,772 - ScopeOut.ThreadedClient - INFO - Scope acquisition thread started
2014-10-23 15:21:33,773 - ScopeOut.ThreadedClient - INFO - Entered continuous checking mode
2014-10-23 15:21:33,773 - ScopeOut.ThreadedClient - INFO - Scope checking thread started
2014-10-23 15:21:33,773 - ScopeOut - INFO - ScopeOut initialization completed
2014-10-23 15:21:33,783 - ScopeOut.scopeUtils.ScopeFinder - INFO - 1 VISA Resource(s) found
2014-10-23 15:21:33,956 - ScopeOut.scopeUtils.ScopeFinder - INFO - Found TEKTRONIX TDS 2024B Oscilloscope. Serial Number: C037950.
2014-10-23 15:21:33,956 - ScopeOut.ThreadedClient - INFO - Set active scope to TEKTRONIX TDS 2024B Oscilloscope. Serial Number: C037950.
2014-10-23 15:21:33,956 - ScopeOut.scopeWidgets.scopeControlWidget - INFO - Active scope set to TEKTRONIX TDS 2024B Oscilloscope. Serial Number: C037950.
2014-10-23 15:21:33,957 - ScopeOut.scopeWidgets.ScopeOutMainWindow - INFO - Main Window enabled
2014-10-23 15:21:33,969 - ScopeOut.ThreadedClient - INFO - Entered periodic checking mode
2014-10-23 15:21:36,539 - ScopeOut.scopeWidgets.ScopeOutMainWindow - INFO - Close Event accepted
2014-10-23 15:24:10,707 - ScopeOut - INFO - Initializing ScopeOut...
2014-10-23 15:24:10,707 - ScopeOut.ThreadedClient - INFO - Threaded Client initialized
2014-10-23 15:24:10,851 - ScopeOut.ThreadedClient - INFO - All Widgets initialized
2014-10-23 15:24:10,851 - ScopeOut.scopeWidgets.ScopeOutMainWindow - INFO - Main Window created
2014-10-23 15:24:10,863 - ScopeOut.scopeWidgets.ScopeOutMainWindow - INFO - Loaded theme C:\Users\menp\Documents\GitHub\ScopeOut\src\Themes\default.stylesheet
2014-10-23 15:24:10,872 - ScopeOut.scopeWidgets.ScopeOutMainWindow - INFO - Main Window disabled
2014-10-23 15:24:10,873 - ScopeOut.ThreadedClient - INFO - Signals connected
2014-10-23 15:24:10,873 - ScopeOut.scopeUtils.ScopeFinder - INFO - ScopeFinder Initialized
2014-10-23 15:24:10,901 - ScopeOut.scopeUtils.ScopeFinder - INFO - 1 VISA Resource(s) found
2014-10-23 15:24:11,149 - ScopeOut.scopeUtils.ScopeFinder - INFO - Found TEKTRONIX TDS 2024B Oscilloscope. Serial Number: C037950.
2014-10-23 15:24:11,150 - ScopeOut.ThreadedClient - INFO - Scope acquisition thread started
2014-10-23 15:24:11,151 - ScopeOut.ThreadedClient - INFO - Entered continuous checking mode
2014-10-23 15:24:11,151 - ScopeOut.ThreadedClient - INFO - Scope checking thread started
2014-10-23 15:24:11,151 - ScopeOut - INFO - ScopeOut initialization completed
2014-10-23 15:24:11,162 - ScopeOut.scopeUtils.ScopeFinder - INFO - 1 VISA Resource(s) found
2014-10-23 15:24:11,329 - ScopeOut.scopeUtils.ScopeFinder - INFO - Found TEKTRONIX TDS 2024B Oscilloscope. Serial Number: C037950.
2014-10-23 15:24:11,330 - ScopeOut.ThreadedClient - INFO - Set active scope to TEKTRONIX TDS 2024B Oscilloscope. Serial Number: C037950.
2014-10-23 15:24:11,330 - ScopeOut.scopeWidgets.scopeControlWidget - INFO - Active scope set to TEKTRONIX TDS 2024B Oscilloscope. Serial Number: C037950.
2014-10-23 15:24:11,330 - ScopeOut.scopeWidgets.ScopeOutMainWindow - INFO - Main Window enabled
2014-10-23 15:24:11,343 - ScopeOut.ThreadedClient - INFO - Entered periodic checking mode
2014-10-23 15:24:13,571 - ScopeOut.scopeWidgets.ScopeOutMainWindow - INFO - Close Event accepted
2014-10-23 15:24:13,572 - ScopeOut.ThreadedClient - INFO - Entered continuous checking mode
2014-10-23 15:24:55,465 - ScopeOut - INFO - Initializing ScopeOut...
2014-10-23 15:24:55,465 - ScopeOut.ThreadedClient - INFO - Threaded Client initialized
2014-10-23 15:24:55,608 - ScopeOut.ThreadedClient - INFO - All Widgets initialized
2014-10-23 15:24:55,608 - ScopeOut.scopeWidgets.ScopeOutMainWindow - INFO - Main Window created
2014-10-23 15:24:55,617 - ScopeOut.scopeWidgets.ScopeOutMainWindow - INFO - Loaded theme C:\Users\menp\Documents\GitHub\ScopeOut\src\Themes\default.stylesheet
2014-10-23 15:24:55,626 - ScopeOut.scopeWidgets.ScopeOutMainWindow - INFO - Main Window disabled
2014-10-23 15:24:55,627 - ScopeOut.ThreadedClient - INFO - Signals connected
2014-10-23 15:24:55,627 - ScopeOut.scopeUtils.ScopeFinder - INFO - ScopeFinder Initialized
2014-10-23 15:24:55,655 - ScopeOut.scopeUtils.ScopeFinder - INFO - 1 VISA Resource(s) found
2014-10-23 15:24:55,969 - ScopeOut.scopeUtils.ScopeFinder - INFO - Found TEKTRONIX TDS 2024B Oscilloscope. Serial Number: C037950.
2014-10-23 15:24:55,970 - ScopeOut.ThreadedClient - INFO - Scope acquisition thread started
2014-10-23 15:24:55,970 - ScopeOut.ThreadedClient - INFO - Entered continuous checking mode
2014-10-23 15:24:55,971 - ScopeOut.ThreadedClient - INFO - Scope checking thread started
2014-10-23 15:24:55,972 - ScopeOut - INFO - ScopeOut initialization completed
2014-10-23 15:24:55,980 - ScopeOut.scopeUtils.ScopeFinder - INFO - 1 VISA Resource(s) found
2014-10-23 15:24:56,175 - ScopeOut.scopeUtils.ScopeFinder - INFO - Found TEKTRONIX TDS 2024B Oscilloscope. Serial Number: C037950.
2014-10-23 15:24:56,175 - ScopeOut.ThreadedClient - INFO - Set active scope to TEKTRONIX TDS 2024B Oscilloscope. Serial Number: C037950.
2014-10-23 15:24:56,175 - ScopeOut.scopeWidgets.scopeControlWidget - INFO - Active scope set to TEKTRONIX TDS 2024B Oscilloscope. Serial Number: C037950.
2014-10-23 15:24:56,176 - ScopeOut.scopeWidgets.ScopeOutMainWindow - INFO - Main Window enabled
2014-10-23 15:24:56,188 - ScopeOut.ThreadedClient - INFO - Entered periodic checking mode
2014-10-23 15:24:58,403 - ScopeOut.ThreadedClient - INFO - Attempting to set data channel 1
2014-10-23 15:24:58,568 - ScopeOut.ThreadedClient - INFO - Successfully set data channel 1
2014-10-23 15:24:59,539 - ScopeOut.ThreadedClient - INFO - Acquisition Event
2014-10-23 15:24:59,540 - ScopeOut.ThreadedClient - INFO - Single channel acquisition
2014-10-23 15:25:00,117 - ScopeOut.ThreadedClient - DEBUG - Wave error: CH1 is not active. Please select an active channel.
2014-10-23 15:25:01,739 - ScopeOut.scopeWidgets.ScopeOutMainWindow - INFO - Close Event accepted
2014-10-23 15:25:01,739 - ScopeOut.ThreadedClient - INFO - Entered continuous checking mode
2014-10-23 15:26:45,724 - ScopeOut - INFO - Initializing ScopeOut...
2014-10-23 15:26:45,724 - ScopeOut.ThreadedClient - INFO - Threaded Client initialized
2014-10-23 15:26:45,865 - ScopeOut.ThreadedClient - INFO - All Widgets initialized
2014-10-23 15:26:45,865 - ScopeOut.scopeWidgets.ScopeOutMainWindow - INFO - Main Window created
2014-10-23 15:26:45,873 - ScopeOut.scopeWidgets.ScopeOutMainWindow - INFO - Loaded theme C:\Users\menp\Documents\GitHub\ScopeOut\src\Themes\default.stylesheet
2014-10-23 15:26:45,883 - ScopeOut.scopeWidgets.ScopeOutMainWindow - INFO - Main Window disabled
2014-10-23 15:26:45,884 - ScopeOut.ThreadedClient - INFO - Signals connected
2014-10-23 15:26:45,884 - ScopeOut.scopeUtils.ScopeFinder - INFO - ScopeFinder Initialized
2014-10-23 15:26:45,911 - ScopeOut.scopeUtils.ScopeFinder - INFO - 1 VISA Resource(s) found
2014-10-23 15:26:46,164 - ScopeOut.scopeUtils.ScopeFinder - INFO - Found TEKTRONIX TDS 2024B Oscilloscope. Serial Number: C037950.
2014-10-23 15:26:46,165 - ScopeOut.ThreadedClient - INFO - Scope acquisition thread started
2014-10-23 15:26:46,166 - ScopeOut.ThreadedClient - INFO - Entered continuous checking mode
2014-10-23 15:26:46,166 - ScopeOut.ThreadedClient - INFO - Scope checking thread started
2014-10-23 15:26:46,167 - ScopeOut - INFO - ScopeOut initialization completed
2014-10-23 15:26:46,174 - ScopeOut.scopeUtils.ScopeFinder - INFO - 1 VISA Resource(s) found
2014-10-23 15:26:46,371 - ScopeOut.scopeUtils.ScopeFinder - INFO - Found TEKTRONIX TDS 2024B Oscilloscope. Serial Number: C037950.
2014-10-23 15:26:46,371 - ScopeOut.ThreadedClient - INFO - Set active scope to TEKTRONIX TDS 2024B Oscilloscope. Serial Number: C037950.
2014-10-23 15:26:46,372 - ScopeOut.scopeWidgets.scopeControlWidget - INFO - Active scope set to TEKTRONIX TDS 2024B Oscilloscope. Serial Number: C037950.
2014-10-23 15:26:46,372 - ScopeOut.scopeWidgets.ScopeOutMainWindow - INFO - Main Window enabled
2014-10-23 15:26:46,385 - ScopeOut.ThreadedClient - INFO - Entered periodic checking mode
2014-10-23 15:26:48,516 - ScopeOut.ThreadedClient - INFO - Attempting to set data channel 2
2014-10-23 15:26:48,681 - ScopeOut.ThreadedClient - INFO - Successfully set data channel 2
2014-10-23 15:26:49,148 - ScopeOut.ThreadedClient - INFO - Acquisition Event
2014-10-23 15:26:49,150 - ScopeOut.ThreadedClient - INFO - Single channel acquisition
2014-10-23 15:26:52,234 - ScopeOut.ThreadedClient - INFO - Successfully acquired waveform from CH2
2014-10-23 15:26:52,234 - ScopeOut.ThreadedClient - INFO - Waveform acquired on CH2
2014-10-23 15:26:54,943 - ScopeOut.ThreadedClient - INFO - 1 waveforms saved to Capture10-23-15-26-54.csv
2014-10-23 15:26:58,171 - ScopeOut.scopeWidgets.ScopeOutMainWindow - INFO - Close Event accepted
2014-10-23 15:26:58,172 - ScopeOut.ThreadedClient - INFO - Entered continuous checking mode
2014-10-23 15:28:08,521 - ScopeOut - INFO - Initializing ScopeOut...
2014-10-23 15:28:08,521 - ScopeOut.ThreadedClient - INFO - Threaded Client initialized
2014-10-23 15:28:08,672 - ScopeOut.ThreadedClient - INFO - All Widgets initialized
2014-10-23 15:28:08,672 - ScopeOut.scopeWidgets.ScopeOutMainWindow - INFO - Main Window created
2014-10-23 15:28:08,681 - ScopeOut.scopeWidgets.ScopeOutMainWindow - INFO - Loaded theme C:\Users\menp\Documents\GitHub\ScopeOut\src\Themes\default.stylesheet
2014-10-23 15:28:08,691 - ScopeOut.scopeWidgets.ScopeOutMainWindow - INFO - Main Window disabled
2014-10-23 15:28:08,692 - ScopeOut.ThreadedClient - INFO - Signals connected
2014-10-23 15:28:08,692 - ScopeOut.scopeUtils.ScopeFinder - INFO - ScopeFinder Initialized
2014-10-23 15:28:08,721 - ScopeOut.scopeUtils.ScopeFinder - INFO - 1 VISA Resource(s) found
2014-10-23 15:28:08,986 - ScopeOut.scopeUtils.ScopeFinder - INFO - Found TEKTRONIX TDS 2024B Oscilloscope. Serial Number: C037950.
2014-10-23 15:28:08,987 - ScopeOut.ThreadedClient - INFO - Scope acquisition thread started
2014-10-23 15:28:08,988 - ScopeOut.ThreadedClient - INFO - Entered continuous checking mode
2014-10-23 15:28:08,988 - ScopeOut.ThreadedClient - INFO - Scope checking thread started
2014-10-23 15:28:08,989 - ScopeOut - INFO - ScopeOut initialization completed
2014-10-23 15:28:08,996 - ScopeOut.scopeUtils.ScopeFinder - INFO - 1 VISA Resource(s) found
2014-10-23 15:28:09,153 - ScopeOut.scopeUtils.ScopeFinder - INFO - Found TEKTRONIX TDS 2024B Oscilloscope. Serial Number: C037950.
2014-10-23 15:28:09,153 - ScopeOut.ThreadedClient - INFO - Set active scope to TEKTRONIX TDS 2024B Oscilloscope. Serial Number: C037950.
2014-10-23 15:28:09,153 - ScopeOut.scopeWidgets.scopeControlWidget - INFO - Active scope set to TEKTRONIX TDS 2024B Oscilloscope. Serial Number: C037950.
2014-10-23 15:28:09,154 - ScopeOut.scopeWidgets.ScopeOutMainWindow - INFO - Main Window enabled
2014-10-23 15:28:09,167 - ScopeOut.ThreadedClient - INFO - Entered periodic checking mode
2014-10-23 15:28:11,475 - ScopeOut.ThreadedClient - INFO - Attempting to set data channel 2
2014-10-23 15:28:11,641 - ScopeOut.ThreadedClient - INFO - Successfully set data channel 2
2014-10-23 15:28:12,243 - ScopeOut.ThreadedClient - INFO - Acquisition Event
2014-10-23 15:28:12,244 - ScopeOut.ThreadedClient - INFO - Single channel acquisition
2014-10-23 15:28:15,277 - ScopeOut.ThreadedClient - INFO - Successfully acquired waveform from CH2
2014-10-23 15:28:15,278 - ScopeOut.ThreadedClient - INFO - Waveform acquired on CH2
2014-10-23 15:41:22,341 - ScopeOut.ThreadedClient - INFO - Attempting to set data channel 5
2014-10-23 15:41:22,341 - ScopeOut.ThreadedClient - INFO - Selected all data channels
2014-10-23 15:41:23,004 - ScopeOut.ThreadedClient - INFO - Acquisition Event
2014-10-23 15:41:23,005 - ScopeOut.ThreadedClient - INFO - Multichannel acquisition
2014-10-23 15:41:23,105 - ScopeOut.scopeWidgets.WavePlotWidget - INFO - Plot Reset
2014-10-23 15:41:23,105 - ScopeOut.ThreadedClient - INFO - Acquiring data from channel 1
2014-10-23 15:41:23,105 - ScopeOut.ThreadedClient - INFO - Attempting to set data channel 1
2014-10-23 15:41:23,275 - ScopeOut.ThreadedClient - INFO - Successfully set data channel 1
2014-10-23 15:41:26,340 - ScopeOut.ThreadedClient - INFO - Successfully acquired waveform from CH1
2014-10-23 15:41:26,429 - ScopeOut.ThreadedClient - INFO - Acquiring data from channel 2
2014-10-23 15:41:26,430 - ScopeOut.ThreadedClient - INFO - Attempting to set data channel 2
2014-10-23 15:41:27,235 - ScopeOut.ThreadedClient - INFO - Successfully set data channel 2
2014-10-23 15:41:30,284 - ScopeOut.ThreadedClient - INFO - Successfully acquired waveform from CH2
2014-10-23 15:41:30,350 - ScopeOut.ThreadedClient - INFO - Acquiring data from channel 3
2014-10-23 15:41:30,351 - ScopeOut.ThreadedClient - INFO - Attempting to set data channel 3
2014-10-23 15:41:30,515 - ScopeOut.ThreadedClient - INFO - Successfully set data channel 3
2014-10-23 15:41:33,580 - ScopeOut.ThreadedClient - INFO - Successfully acquired waveform from CH3
2014-10-23 15:41:33,672 - ScopeOut.ThreadedClient - INFO - Acquiring data from channel 4
2014-10-23 15:41:33,673 - ScopeOut.ThreadedClient - INFO - Attempting to set data channel 4
2014-10-23 15:41:34,511 - ScopeOut.ThreadedClient - INFO - Successfully set data channel 4
2014-10-23 15:41:37,511 - ScopeOut.ThreadedClient - INFO - Successfully acquired waveform from CH4
2014-10-23 15:43:44,749 - ScopeOut.ThreadedClient - INFO - Attempting to set data channel 4
2014-10-23 15:43:44,914 - ScopeOut.ThreadedClient - INFO - Successfully set data channel 4
2014-10-23 15:50:21,936 - ScopeOut - INFO - Initializing ScopeOut...
2014-10-23 15:50:21,936 - ScopeOut.ThreadedClient - INFO - Threaded Client initialized
2014-10-23 15:50:22,077 - ScopeOut.ThreadedClient - INFO - All Widgets initialized
2014-10-23 15:50:22,077 - ScopeOut.scopeWidgets.ScopeOutMainWindow - INFO - Main Window created
2014-10-23 15:50:22,088 - ScopeOut.scopeWidgets.ScopeOutMainWindow - INFO - Loaded theme C:\Users\menp\Documents\GitHub\ScopeOut\src\Themes\default.stylesheet
2014-10-23 15:50:22,097 - ScopeOut.scopeWidgets.ScopeOutMainWindow - INFO - Main Window disabled
2014-10-23 15:50:22,098 - ScopeOut.ThreadedClient - INFO - Signals connected
2014-10-23 15:50:22,098 - ScopeOut.scopeUtils.ScopeFinder - INFO - ScopeFinder Initialized
2014-10-23 15:50:22,124 - ScopeOut.scopeUtils.ScopeFinder - INFO - 1 VISA Resource(s) found
2014-10-23 15:50:22,374 - ScopeOut.scopeUtils.ScopeFinder - INFO - Found TEKTRONIX TDS 2024B Oscilloscope. Serial Number: C037950.
2014-10-23 15:50:22,375 - ScopeOut.ThreadedClient - INFO - Scope acquisition thread started
2014-10-23 15:50:22,375 - ScopeOut.ThreadedClient - INFO - Entered continuous checking mode
2014-10-23 15:50:22,376 - ScopeOut.ThreadedClient - INFO - Scope checking thread started
2014-10-23 15:50:22,376 - ScopeOut - INFO - ScopeOut initialization completed
2014-10-23 15:50:22,384 - ScopeOut.scopeUtils.ScopeFinder - INFO - 1 VISA Resource(s) found
2014-10-23 15:50:22,562 - ScopeOut.scopeUtils.ScopeFinder - INFO - Found TEKTRONIX TDS 2024B Oscilloscope. Serial Number: C037950.
2014-10-23 15:50:22,562 - ScopeOut.ThreadedClient - INFO - Set active scope to TEKTRONIX TDS 2024B Oscilloscope. Serial Number: C037950.
2014-10-23 15:50:22,562 - ScopeOut.scopeWidgets.scopeControlWidget - INFO - Active scope set to TEKTRONIX TDS 2024B Oscilloscope. Serial Number: C037950.
2014-10-23 15:50:22,563 - ScopeOut.scopeWidgets.ScopeOutMainWindow - INFO - Main Window enabled
2014-10-23 15:50:22,577 - ScopeOut.ThreadedClient - INFO - Entered periodic checking mode
2014-10-23 15:50:32,827 - ScopeOut.scopeWidgets.ScopeOutMainWindow - INFO - Close Event accepted
2014-10-23 15:50:32,828 - ScopeOut.ThreadedClient - INFO - Entered continuous checking mode
2014-10-23 15:51:43,333 - ScopeOut - INFO - Initializing ScopeOut...
2014-10-23 15:51:43,333 - ScopeOut.ThreadedClient - INFO - Threaded Client initialized
2014-10-23 15:51:43,471 - ScopeOut.ThreadedClient - INFO - All Widgets initialized
2014-10-23 15:51:43,472 - ScopeOut.scopeWidgets.ScopeOutMainWindow - INFO - Main Window created
2014-10-23 15:51:43,481 - ScopeOut.scopeWidgets.ScopeOutMainWindow - INFO - Loaded theme C:\Users\menp\Documents\GitHub\ScopeOut\src\Themes\default.stylesheet
2014-10-23 15:51:43,490 - ScopeOut.scopeWidgets.ScopeOutMainWindow - INFO - Main Window disabled
2014-10-23 15:51:43,490 - ScopeOut.ThreadedClient - INFO - Signals connected
2014-10-23 15:51:43,490 - ScopeOut.scopeUtils.ScopeFinder - INFO - ScopeFinder Initialized
2014-10-23 15:51:43,517 - ScopeOut.scopeUtils.ScopeFinder - INFO - 1 VISA Resource(s) found
2014-10-23 15:51:43,769 - ScopeOut.scopeUtils.ScopeFinder - INFO - Found TEKTRONIX TDS 2024B Oscilloscope. Serial Number: C037950.
2014-10-23 15:51:43,773 - ScopeOut.ThreadedClient - INFO - Scope acquisition thread started
2014-10-23 15:51:43,773 - ScopeOut.ThreadedClient - INFO - Entered continuous checking mode
2014-10-23 15:51:43,774 - ScopeOut.ThreadedClient - INFO - Scope checking thread started
2014-10-23 15:51:43,774 - ScopeOut - INFO - ScopeOut initialization completed
2014-10-23 15:51:43,780 - ScopeOut.scopeUtils.ScopeFinder - INFO - 1 VISA Resource(s) found
2014-10-23 15:51:43,937 - ScopeOut.scopeUtils.ScopeFinder - INFO - Found TEKTRONIX TDS 2024B Oscilloscope. Serial Number: C037950.
2014-10-23 15:51:43,938 - ScopeOut.ThreadedClient - INFO - Set active scope to TEKTRONIX TDS 2024B Oscilloscope. Serial Number: C037950.
2014-10-23 15:51:43,938 - ScopeOut.scopeWidgets.scopeControlWidget - INFO - Active scope set to TEKTRONIX TDS 2024B Oscilloscope. Serial Number: C037950.
2014-10-23 15:51:43,939 - ScopeOut.scopeWidgets.ScopeOutMainWindow - INFO - Main Window enabled
2014-10-23 15:51:43,951 - ScopeOut.ThreadedClient - INFO - Entered periodic checking mode
2014-10-23 15:51:56,843 - ScopeOut.scopeWidgets.ScopeOutMainWindow - INFO - Close Event accepted
2014-10-23 15:51:56,844 - ScopeOut.ThreadedClient - INFO - Entered continuous checking mode
2014-10-23 15:52:14,578 - ScopeOut - INFO - Initializing ScopeOut...
2014-10-23 15:52:14,578 - ScopeOut.ThreadedClient - INFO - Threaded Client initialized
2014-10-23 15:52:14,715 - ScopeOut.ThreadedClient - INFO - All Widgets initialized
2014-10-23 15:52:14,715 - ScopeOut.scopeWidgets.ScopeOutMainWindow - INFO - Main Window created
2014-10-23 15:52:14,726 - ScopeOut.scopeWidgets.ScopeOutMainWindow - INFO - Loaded theme C:\Users\menp\Documents\GitHub\ScopeOut\src\Themes\default.stylesheet
2014-10-23 15:52:14,735 - ScopeOut.scopeWidgets.ScopeOutMainWindow - INFO - Main Window disabled
2014-10-23 15:52:14,736 - ScopeOut.ThreadedClient - INFO - Signals connected
2014-10-23 15:52:14,736 - ScopeOut.scopeUtils.ScopeFinder - INFO - ScopeFinder Initialized
2014-10-23 15:52:14,764 - ScopeOut.scopeUtils.ScopeFinder - INFO - 1 VISA Resource(s) found
2014-10-23 15:52:15,013 - ScopeOut.scopeUtils.ScopeFinder - INFO - Found TEKTRONIX TDS 2024B Oscilloscope. Serial Number: C037950.
2014-10-23 15:52:15,014 - ScopeOut.ThreadedClient - INFO - Scope acquisition thread started
2014-10-23 15:52:15,015 - ScopeOut.ThreadedClient - INFO - Entered continuous checking mode
2014-10-23 15:52:15,015 - ScopeOut.ThreadedClient - INFO - Scope checking thread started
2014-10-23 15:52:15,016 - ScopeOut - INFO - ScopeOut initialization completed
2014-10-23 15:52:15,023 - ScopeOut.scopeUtils.ScopeFinder - INFO - 1 VISA Resource(s) found
2014-10-23 15:52:15,185 - ScopeOut.scopeUtils.ScopeFinder - INFO - Found TEKTRONIX TDS 2024B Oscilloscope. Serial Number: C037950.
2014-10-23 15:52:15,186 - ScopeOut.ThreadedClient - INFO - Set active scope to TEKTRONIX TDS 2024B Oscilloscope. Serial Number: C037950.
2014-10-23 15:52:15,186 - ScopeOut.scopeWidgets.scopeControlWidget - INFO - Active scope set to TEKTRONIX TDS 2024B Oscilloscope. Serial Number: C037950.
2014-10-23 15:52:15,195 - ScopeOut.scopeWidgets.ScopeOutMainWindow - INFO - Main Window enabled
2014-10-23 15:52:15,209 - ScopeOut.ThreadedClient - INFO - Entered periodic checking mode
